Arguments: 
  C:\Program Files\nodejs\node.exe C:\Program Files (x86)\Yarn\bin\yarn.js add express

PATH: 
  C:\Users\kuangxh\bin;C:\Program Files\Git\mingw64\bin;C:\Program Files\Git\usr\local\bin;C:\Program Files\Git\usr\bin;C:\Program Files\Git\usr\bin;C:\Program Files\Git\mingw64\bin;C:\Program Files\Git\usr\bin;C:\Users\kuangxh\bin;C:\Program Files (x86)\Common Files\NetSarang;C:\Windows\system32;C:\Windows;C:\Windows\System32\Wbem;C:\Windows\System32\WindowsPowerShell\v1.0;C:\Program Files (x86)\Microsoft SQL Server\100\Tools\Binn;C:\Program Files\Microsoft SQL Server\100\Tools\Binn;C:\Program Files\Microsoft SQL Server\100\DTS\Binn;C:\Program Files (x86)\Microsoft SQL Server\100\Tools\Binn\VSShell\Common7\IDE;C:\Program Files (x86)\Microsoft Visual Studio 9.0\Common7\IDE\PrivateAssemblies;C:\Program Files (x86)\Microsoft SQL Server\100\DTS\Binn;C:\Program Files\Microsoft\Web Platform Installer;C:\Program Files (x86)\Microsoft ASP.NET\ASP.NET Web Pages\v1.0;C:\Program Files (x86)\Windows Kits\8.0\Windows Performance Toolkit;C:\Program Files\Microsoft SQL Server\110\Tools\Binn;C:\Program Files\Git\cmd;C:\Program Files\TortoiseSVN\bin;C:\Program Files (x86)\VisualSVN\bin;C:\Program Files (x86)\Yarn\bin;C:\Program Files\nodejs;C:\Users\kuangxh\AppData\Local\atom\bin;C:\Program Files (x86)\Microsoft VS Code\bin;C:\Users\kuangxh\AppData\Local\Yarn\.bin;C:\Users\kuangxh\AppData\Roaming\npm;C:\Program Files\Git\usr\bin\vendor_perl;C:\Program Files\Git\usr\bin\core_perl

Yarn version: 
  0.21.3

Node version: 
  7.7.1

Platform: 
  win32 x64

npm manifest: 
  {
    "name": "dark",
    "version": "1.0.0",
    "description": "A Vue.js project",
    "author": "",
    "private": true,
    "scripts": {
      "dev": "node build/dev-server.js",
      "build": "node build/build.js",
      "unit": "cross-env BABEL_ENV=test karma start test/unit/karma.conf.js --single-run",
      "e2e": "node test/e2e/runner.js",
      "test": "npm run unit && npm run e2e",
      "lint": "eslint --ext .js,.vue src test/unit/specs test/e2e/specs"
    },
    "dependencies": {
      "less": "^2.7.2",
      "less-loader": "^2.2.3",
      "node-sass": "^4.1.1",
      "sass-loader": "^4.1.1",
      "vue": "^2.1.0",
      "vue-router": "^2.1.1",
      "vuex": "^2.1.1"
    },
    "devDependencies": {
      "autoprefixer": "^6.4.0",
      "babel-core": "^6.0.0",
      "babel-eslint": "^7.0.0",
      "babel-loader": "^6.0.0",
      "babel-plugin-transform-runtime": "^6.0.0",
      "babel-preset-es2015": "^6.0.0",
      "babel-preset-stage-2": "^6.0.0",
      "babel-register": "^6.0.0",
      "chalk": "^1.1.3",
      "connect-history-api-fallback": "^1.1.0",
      "css-loader": "^0.25.0",
      "eslint": "^3.7.1",
      "eslint-friendly-formatter": "^2.0.5",
      "eslint-loader": "^1.5.0",
      "eslint-plugin-html": "^1.3.0",
      "eslint-config-standard": "^6.1.0",
      "eslint-plugin-promise": "^3.4.0",
      "eslint-plugin-standard": "^2.0.1",
      "eventsource-polyfill": "^0.9.6",
      "express": "^4.13.3",
      "extract-text-webpack-plugin": "^1.0.1",
      "file-loader": "^0.9.0",
      "friendly-errors-webpack-plugin": "^1.1.2",
      "function-bind": "^1.0.2",
      "html-webpack-plugin": "^2.8.1",
      "http-proxy-middleware": "^0.17.2",
      "json-loader": "^0.5.4",
      "cross-env": "^3.1.3",
      "karma": "^1.3.0",
      "karma-coverage": "^1.1.1",
      "karma-mocha": "^1.2.0",
      "karma-phantomjs-launcher": "^1.0.0",
      "karma-sinon-chai": "^1.2.0",
      "karma-sourcemap-loader": "^0.3.7",
      "karma-spec-reporter": "0.0.26",
      "karma-webpack": "^1.7.0",
      "lolex": "^1.4.0",
      "mocha": "^3.1.0",
      "chai": "^3.5.0",
      "sinon": "^1.17.3",
      "sinon-chai": "^2.8.0",
      "inject-loader": "^2.0.1",
      "babel-plugin-istanbul": "^3.0.0",
      "phantomjs-prebuilt": "^2.1.3",
      "chromedriver": "^2.21.2",
      "cross-spawn": "^4.0.2",
      "nightwatch": "^0.9.8",
      "selenium-server": "2.53.1",
      "semver": "^5.3.0",
      "opn": "^4.0.2",
      "ora": "^0.3.0",
      "shelljs": "^0.7.4",
      "url-loader": "^0.5.7",
      "vue-loader": "^10.0.0",
      "vue-style-loader": "^1.0.0",
      "vue-template-compiler": "^2.1.0",
      "webpack": "^1.13.2",
      "webpack-dev-middleware": "^1.8.3",
      "webpack-hot-middleware": "^2.12.2",
      "webpack-merge": "^0.14.1"
    },
    "engines": {
      "node": ">= 4.0.0",
      "npm": ">= 3.0.0"
    }
  }

yarn manifest: 
  No manifest

Lockfile: 
  No lockfile

Trace: 
  Error: EEXIST: file already exists, mkdir 'E:\dark\node_modules\agent-base'
